03-22 22:12:24 com_github_MitjaNemec_ReplicateLayout.action_replicate_layout 392:Plugin executed on: 'win32'
03-22 22:12:24 com_github_MitjaNemec_ReplicateLayout.action_replicate_layout 393:Plugin executed with python version: '3.11.5 (main, Jan 19 2024, 08:13:45) [MSC v.1936 64 bit (AMD64)]'
03-22 22:12:24 com_github_MitjaNemec_ReplicateLayout.action_replicate_layout 394:KiCad build version: 8.0.1
03-22 22:12:24 com_github_MitjaNemec_ReplicateLayout.action_replicate_layout 395:Plugin version: 3.0.2
03-22 22:12:24 com_github_MitjaNemec_ReplicateLayout.action_replicate_layout 396:Frame repr: <wx._core.Frame object at 0x000002BB0B7DFD00>
03-22 22:12:24 com_github_MitjaNemec_ReplicateLayout.action_replicate_layout 420:Preparing replicator with U10 as a reference
03-22 22:12:24 com_github_MitjaNemec_ReplicateLayout.replicate_layout 117:getting a list of all footprints on board
03-22 22:12:24 com_github_MitjaNemec_ReplicateLayout.action_replicate_layout 468:source anchor footprint is 'U10'
Located on: ['Display 5']
With filenames: ['Display.kicad_sch']
With sheet_id:['Display 5']
03-22 22:12:24 com_github_MitjaNemec_ReplicateLayout.action_replicate_layout 475:Corresponding footprints are 
[('U7', ['Display 2']), ('U8', ['Display 3']), ('U6', ['Display 1']), ('U9', ['Display 4']), ('U10', ['Display 5'])]
03-22 22:12:24 com_github_MitjaNemec_ReplicateLayout.action_replicate_layout 487:Showing dialog
03-22 22:12:25 com_github_MitjaNemec_ReplicateLayout.replicate_layout 462:constructing a list of sheets suitable for replication on level:'Display 5', file:'Display.kicad_sch'
03-22 22:12:25 com_github_MitjaNemec_ReplicateLayout.replicate_layout 499:suitable sheets are:[['Display 1'], ['Display 2'], ['Display 3'], ['Display 4']]
03-22 22:12:25 com_github_MitjaNemec_ReplicateLayout.replicate_layout 1503:Level selected: ['Display 5']
03-22 22:12:25 com_github_MitjaNemec_ReplicateLayout.replicate_layout 1327:Filtering list of tracks
03-22 22:12:25 com_github_MitjaNemec_ReplicateLayout.action_replicate_layout 493:Toolbar position: wx.Point(2952, 111)
03-22 22:12:25 com_github_MitjaNemec_ReplicateLayout.action_replicate_layout 498:Dialog position: wx.Point(2513, 111)
03-22 22:12:26 com_github_MitjaNemec_ReplicateLayout.replicate_layout 462:constructing a list of sheets suitable for replication on level:'Display 5', file:'Display.kicad_sch'
03-22 22:12:26 com_github_MitjaNemec_ReplicateLayout.replicate_layout 499:suitable sheets are:[['Display 1'], ['Display 2'], ['Display 3'], ['Display 4']]
03-22 22:12:26 com_github_MitjaNemec_ReplicateLayout.action_replicate_layout 240:Replicating layout
03-22 22:12:26 com_github_MitjaNemec_ReplicateLayout.replicate_layout 278:Starting replication of sheets: [['Display 1'], ['Display 2'], ['Display 3'], ['Display 4']]
on level: ['Display 5']
with tracks=True, zone=True, text=True, text=True, intersecting=False, remove=False, locked footprints=False, group_only=False
03-22 22:12:26 root 332:updating GUI message: 'Preparing for replication'
03-22 22:12:26 root 337:updating GUI with: 0
03-22 22:12:26 com_github_MitjaNemec_ReplicateLayout.replicate_layout 348:Getting the list of source footprints
03-22 22:12:26 com_github_MitjaNemec_ReplicateLayout.replicate_layout 358:Getting the list of all the remaining footprints
03-22 22:12:26 com_github_MitjaNemec_ReplicateLayout.replicate_layout 365:Getting source tracks
03-22 22:12:26 com_github_MitjaNemec_ReplicateLayout.replicate_layout 1327:Filtering list of tracks
03-22 22:12:26 com_github_MitjaNemec_ReplicateLayout.replicate_layout 369:Getting source zones
03-22 22:12:26 root 337:updating GUI with: 50
03-22 22:12:26 com_github_MitjaNemec_ReplicateLayout.replicate_layout 373:Getting source text items
03-22 22:12:26 com_github_MitjaNemec_ReplicateLayout.replicate_layout 377:Getting source drawing items
03-22 22:12:26 root 332:updating GUI message: 'Replicating footprints'
03-22 22:12:26 com_github_MitjaNemec_ReplicateLayout.replicate_layout 844:Replicating footprints
03-22 22:12:26 com_github_MitjaNemec_ReplicateLayout.replicate_layout 851:Replicating footprints on sheet ['Display 1']
03-22 22:12:26 com_github_MitjaNemec_ReplicateLayout.replicate_layout 851:Replicating footprints on sheet ['Display 2']
03-22 22:12:26 root 337:updating GUI with: 45
03-22 22:12:26 com_github_MitjaNemec_ReplicateLayout.replicate_layout 851:Replicating footprints on sheet ['Display 3']
03-22 22:12:26 com_github_MitjaNemec_ReplicateLayout.replicate_layout 851:Replicating footprints on sheet ['Display 4']
03-22 22:12:26 root 332:updating GUI message: 'Replicating tracks'
03-22 22:12:26 com_github_MitjaNemec_ReplicateLayout.replicate_layout 1005:Replicating tracks
03-22 22:12:26 com_github_MitjaNemec_ReplicateLayout.replicate_layout 1011:Replicating tracks on sheet ['Display 1']
03-22 22:12:26 com_github_MitjaNemec_ReplicateLayout.replicate_layout 804:Net pairs for sheet ['Display 1'] :[('Net-(U10-C2P)', 'Net-(U6-C2P)'), ('GND', 'GND'), ('Net-(U10-IREF)', 'Net-(U6-IREF)'), ('/I2C_SDA', '/I2C_SDA'), ('Net-(U10-C2N)', 'Net-(U6-C2N)'), ('Net-(U10-C1P)', 'Net-(U6-C1P)'), ('Net-(U10-RES#)', 'Net-(U6-RES#)'), ('Net-(U10-VCC)', 'Net-(U6-VCC)'), ('Net-(U10-C1N)', 'Net-(U6-C1N)'), ('/I2C_SCL', '/I2C_SCL'), ('VCC', 'VCC'), ('/I2C_CS3', '/I2C_CS1'), ('Net-(U10-VCOMH)', 'Net-(U6-VCOMH)'), ('+3.3V', '+3.3V')]
03-22 22:12:26 com_github_MitjaNemec_ReplicateLayout.replicate_layout 1011:Replicating tracks on sheet ['Display 2']
03-22 22:12:26 com_github_MitjaNemec_ReplicateLayout.replicate_layout 804:Net pairs for sheet ['Display 2'] :[('Net-(U10-VCC)', 'Net-(U7-VCC)'), ('GND', 'GND'), ('Net-(U10-C2P)', 'Net-(U7-C2P)'), ('/I2C_SDA', '/I2C_SDA'), ('Net-(U10-RES#)', 'Net-(U7-RES#)'), ('GND', '+3.3V'), ('/I2C_SCL', '/I2C_SCL'), ('VCC', 'VCC'), ('Net-(U10-VCOMH)', 'Net-(U7-VCOMH)'), ('Net-(U10-C1N)', 'Net-(U7-C1N)'), ('/I2C_CS3', '/I2C_CS1'), ('Net-(U10-C2N)', 'Net-(U7-C2N)'), ('Net-(U10-IREF)', 'Net-(U7-IREF)'), ('Net-(U10-C1P)', 'Net-(U7-C1P)'), ('+3.3V', '+3.3V')]
03-22 22:12:26 com_github_MitjaNemec_ReplicateLayout.replicate_layout 1011:Replicating tracks on sheet ['Display 3']
03-22 22:12:26 com_github_MitjaNemec_ReplicateLayout.replicate_layout 804:Net pairs for sheet ['Display 3'] :[('Net-(U10-C1N)', 'Net-(U8-C1N)'), ('GND', 'GND'), ('Net-(U10-C2P)', 'Net-(U8-C2P)'), ('Net-(U10-C1P)', 'Net-(U8-C1P)'), ('/I2C_SDA', '/I2C_SDA'), ('Net-(U10-C2N)', 'Net-(U8-C2N)'), ('Net-(U10-VCC)', 'Net-(U8-VCC)'), ('/I2C_SCL', '/I2C_SCL'), ('VCC', 'VCC'), ('Net-(U10-IREF)', 'Net-(U8-IREF)'), ('Net-(U10-VCOMH)', 'Net-(U8-VCOMH)'), ('/I2C_CS3', '/I2C_CS2'), ('Net-(U10-RES#)', 'Net-(U8-RES#)'), ('+3.3V', '+3.3V')]
03-22 22:12:26 com_github_MitjaNemec_ReplicateLayout.replicate_layout 1011:Replicating tracks on sheet ['Display 4']
03-22 22:12:26 com_github_MitjaNemec_ReplicateLayout.replicate_layout 804:Net pairs for sheet ['Display 4'] :[('GND', 'GND'), ('/I2C_SDA', '/I2C_SDA'), ('Net-(U10-C1P)', 'Net-(U9-C1P)'), ('Net-(U10-C1N)', 'Net-(U9-C1N)'), ('GND', '+3.3V'), ('Net-(U10-C2P)', 'Net-(U9-C2P)'), ('/I2C_SCL', '/I2C_SCL'), ('Net-(U10-C2N)', 'Net-(U9-C2N)'), ('Net-(U10-VCOMH)', 'Net-(U9-VCOMH)'), ('VCC', 'VCC'), ('Net-(U10-VCC)', 'Net-(U9-VCC)'), ('Net-(U10-RES#)', 'Net-(U9-RES#)'), ('/I2C_CS3', '/I2C_CS2'), ('Net-(U10-IREF)', 'Net-(U9-IREF)'), ('+3.3V', '+3.3V')]
03-22 22:12:26 root 337:updating GUI with: 95
03-22 22:12:26 root 332:updating GUI message: 'Replicating zones'
03-22 22:12:26 com_github_MitjaNemec_ReplicateLayout.replicate_layout 1075:Replicating zones
03-22 22:12:26 com_github_MitjaNemec_ReplicateLayout.replicate_layout 1082:Replicating zones on sheet ['Display 1']
03-22 22:12:26 com_github_MitjaNemec_ReplicateLayout.replicate_layout 804:Net pairs for sheet ['Display 1'] :[('Net-(U10-C2P)', 'Net-(U6-C2P)'), ('GND', 'GND'), ('Net-(U10-IREF)', 'Net-(U6-IREF)'), ('/I2C_SDA', '/I2C_SDA'), ('Net-(U10-C2N)', 'Net-(U6-C2N)'), ('Net-(U10-C1P)', 'Net-(U6-C1P)'), ('Net-(U10-RES#)', 'Net-(U6-RES#)'), ('Net-(U10-VCC)', 'Net-(U6-VCC)'), ('Net-(U10-C1N)', 'Net-(U6-C1N)'), ('/I2C_SCL', '/I2C_SCL'), ('VCC', 'VCC'), ('/I2C_CS3', '/I2C_CS1'), ('Net-(U10-VCOMH)', 'Net-(U6-VCOMH)'), ('+3.3V', '+3.3V')]
03-22 22:12:26 com_github_MitjaNemec_ReplicateLayout.replicate_layout 1082:Replicating zones on sheet ['Display 2']
03-22 22:12:26 com_github_MitjaNemec_ReplicateLayout.replicate_layout 804:Net pairs for sheet ['Display 2'] :[('Net-(U10-VCC)', 'Net-(U7-VCC)'), ('GND', 'GND'), ('Net-(U10-C2P)', 'Net-(U7-C2P)'), ('/I2C_SDA', '/I2C_SDA'), ('Net-(U10-RES#)', 'Net-(U7-RES#)'), ('GND', '+3.3V'), ('/I2C_SCL', '/I2C_SCL'), ('VCC', 'VCC'), ('Net-(U10-VCOMH)', 'Net-(U7-VCOMH)'), ('Net-(U10-C1N)', 'Net-(U7-C1N)'), ('/I2C_CS3', '/I2C_CS1'), ('Net-(U10-C2N)', 'Net-(U7-C2N)'), ('Net-(U10-IREF)', 'Net-(U7-IREF)'), ('Net-(U10-C1P)', 'Net-(U7-C1P)'), ('+3.3V', '+3.3V')]
03-22 22:12:26 com_github_MitjaNemec_ReplicateLayout.replicate_layout 1082:Replicating zones on sheet ['Display 3']
03-22 22:12:26 com_github_MitjaNemec_ReplicateLayout.replicate_layout 804:Net pairs for sheet ['Display 3'] :[('Net-(U10-C1N)', 'Net-(U8-C1N)'), ('GND', 'GND'), ('Net-(U10-C2P)', 'Net-(U8-C2P)'), ('Net-(U10-C1P)', 'Net-(U8-C1P)'), ('/I2C_SDA', '/I2C_SDA'), ('Net-(U10-C2N)', 'Net-(U8-C2N)'), ('Net-(U10-VCC)', 'Net-(U8-VCC)'), ('/I2C_SCL', '/I2C_SCL'), ('VCC', 'VCC'), ('Net-(U10-IREF)', 'Net-(U8-IREF)'), ('Net-(U10-VCOMH)', 'Net-(U8-VCOMH)'), ('/I2C_CS3', '/I2C_CS2'), ('Net-(U10-RES#)', 'Net-(U8-RES#)'), ('+3.3V', '+3.3V')]
03-22 22:12:26 com_github_MitjaNemec_ReplicateLayout.replicate_layout 1082:Replicating zones on sheet ['Display 4']
03-22 22:12:26 com_github_MitjaNemec_ReplicateLayout.replicate_layout 804:Net pairs for sheet ['Display 4'] :[('GND', 'GND'), ('/I2C_SDA', '/I2C_SDA'), ('Net-(U10-C1P)', 'Net-(U9-C1P)'), ('Net-(U10-C1N)', 'Net-(U9-C1N)'), ('GND', '+3.3V'), ('Net-(U10-C2P)', 'Net-(U9-C2P)'), ('/I2C_SCL', '/I2C_SCL'), ('Net-(U10-C2N)', 'Net-(U9-C2N)'), ('Net-(U10-VCOMH)', 'Net-(U9-VCOMH)'), ('VCC', 'VCC'), ('Net-(U10-VCC)', 'Net-(U9-VCC)'), ('Net-(U10-RES#)', 'Net-(U9-RES#)'), ('/I2C_CS3', '/I2C_CS2'), ('Net-(U10-IREF)', 'Net-(U9-IREF)'), ('+3.3V', '+3.3V')]
03-22 22:12:26 root 332:updating GUI message: 'Replicating text'
03-22 22:12:26 com_github_MitjaNemec_ReplicateLayout.replicate_layout 1164:Replicating text
03-22 22:12:26 com_github_MitjaNemec_ReplicateLayout.replicate_layout 1171:Replicating text on sheet ['Display 1']
03-22 22:12:26 com_github_MitjaNemec_ReplicateLayout.replicate_layout 1171:Replicating text on sheet ['Display 2']
03-22 22:12:26 com_github_MitjaNemec_ReplicateLayout.replicate_layout 1171:Replicating text on sheet ['Display 3']
03-22 22:12:26 com_github_MitjaNemec_ReplicateLayout.replicate_layout 1171:Replicating text on sheet ['Display 4']
03-22 22:12:26 root 332:updating GUI message: 'Replicating drawings'
03-22 22:12:26 com_github_MitjaNemec_ReplicateLayout.replicate_layout 1215:Replicating drawings
03-22 22:12:26 com_github_MitjaNemec_ReplicateLayout.replicate_layout 1221:Replicating drawings on sheet ['Display 1']
03-22 22:12:26 com_github_MitjaNemec_ReplicateLayout.replicate_layout 1221:Replicating drawings on sheet ['Display 2']
03-22 22:12:26 com_github_MitjaNemec_ReplicateLayout.replicate_layout 1221:Replicating drawings on sheet ['Display 3']
03-22 22:12:26 com_github_MitjaNemec_ReplicateLayout.replicate_layout 1221:Replicating drawings on sheet ['Display 4']
03-22 22:12:26 com_github_MitjaNemec_ReplicateLayout.action_replicate_layout 256:Replication complete
